 --- OK.
 Match tree built with 120 nodes.

PDDL problem description loaded: 
	Domain: GRID
	Problem: GRID-PROB
	#Actions: 120
	#Fluents: 168
Goals found: 15
Goals_Edges found: 15
Starting search with 1-BFWS...
--[12 / 0]--
--[11 / 0]--
--[11 / 5]--
--[10 / 0]--
--[10 / 6]--
--[9 / 0]--
--[9 / 4]--
--[8 / 0]--
--[8 / 6]--
--[7 / 0]--
--[7 / 7]--
--[6 / 0]--
--[6 / 7]--
--[5 / 0]--
--[5 / 6]--
--[4 / 0]--
--[4 / 6]--
--[3 / 0]--
--[3 / 6]--
--[2 / 0]--
--[2 / 6]--
--[2 / 7]--
--[2 / 9]--
--[2 / 11]--
--[1 / 0]--
--[1 / 13]--
--[0 / 0]--
--[0 / 13]--
Total time: 0.001577
Nodes generated during search: 300
Nodes expanded during search: 58
Plan found with cost: 23
Fast-BFS search completed in 0.001577 secs
Solving...
/usr/local/lib/python3.6/dist-packages/PDKB_Planning_Library-0.1-py3.6.egg/pdkb/planners/bfws --domain pdkb-domain.pddl  --problem pdkb-problem.pddl --output pdkb-plan.txt --1-BFWS 1
Done!
