

task contains conditional effects. turning off state domination.

 --- OK.
 Match tree built with 332 nodes.

PDDL problem description loaded: 
	Domain: GRID
	Problem: GRID-PROB
	#Actions: 332
	#Fluents: 511
Goals found: 45
Goals_Edges found: 45
Starting search with 1-BFWS...
--[41 / 0]--
--[40 / 0]--
--[40 / 3]--
--[39 / 0]--
--[39 / 11]--
--[38 / 0]--
--[38 / 1]--
--[38 / 3]--
--[37 / 0]--
--[37 / 3]--
--[36 / 0]--
--[36 / 11]--
--[35 / 0]--
--[35 / 3]--
--[34 / 0]--
--[34 / 11]--
--[33 / 0]--
--[33 / 2]--
--[33 / 3]--
--[32 / 0]--
--[32 / 3]--
--[31 / 0]--
--[31 / 11]--
--[30 / 0]--
--[30 / 3]--
--[29 / 0]--
--[29 / 3]--
--[28 / 0]--
--[28 / 3]--
--[28 / 11]--
--[27 / 0]--
--[27 / 3]--
--[26 / 0]--
--[26 / 3]--
--[25 / 0]--
--[25 / 3]--
--[24 / 0]--
--[24 / 11]--
--[23 / 0]--
--[23 / 3]--
--[22 / 0]--
--[22 / 11]--
--[21 / 0]--
--[21 / 6]--
--[20 / 0]--
--[20 / 11]--
--[19 / 0]--
--[19 / 3]--
--[18 / 0]--
--[18 / 11]--
--[17 / 0]--
--[17 / 3]--
--[17 / 5]--
--[17 / 6]--
--[16 / 0]--
--[16 / 6]--
--[15 / 0]--
--[15 / 3]--
--[14 / 0]--
--[14 / 11]--
--[13 / 0]--
--[13 / 6]--
--[12 / 0]--
--[12 / 3]--
--[12 / 4]--
--[12 / 5]--
--[12 / 6]--
--[11 / 0]--
--[11 / 6]--
--[10 / 0]--
--[10 / 6]--
--[9 / 0]--
--[9 / 12]--
--[8 / 0]--
--[8 / 3]--
--[8 / 5]--
--[8 / 6]--
--[8 / 8]--
--[8 / 9]--
--[8 / 10]--
--[8 / 11]--
--[8 / 12]--
--[8 / 16]--
--[8 / 22]--
--[8 / 24]--
--[7 / 0]--
--[7 / 15]--
--[7 / 17]--
--[7 / 18]--
--[7 / 20]--
--[6 / 0]--
--[6 / 26]--
--[5 / 0]--
--[5 / 9]--
--[5 / 16]--
--[5 / 18]--
--[5 / 19]--
--[5 / 21]--
--[5 / 22]--
--[4 / 0]--
--[4 / 9]--
--[4 / 16]--
--[4 / 18]--
--[4 / 19]--
--[4 / 21]--
--[4 / 22]--
--[4 / 24]--
--[4 / 25]--
--[4 / 27]--
--[4 / 28]--
--[4 / 30]--
--[4 / 31]--
--[4 / 33]--
--[4 / 34]--
--[4 / 36]--
--[4 / 37]--
--[4 / 39]--
--[4 / 40]--
--[4 / 43]--
--[4 / 45]--
--[4 / 46]--
--[4 / 47]--
--[4 / 48]--
--[4 / 49]--
--[4 / 50]--
--[4 / 51]--
--[4 / 52]--
--[4 / 53]--
--[3 / 0]--
--[3 / 13]--
--[2 / 0]--
--[2 / 3]--
--[2 / 5]--
--[2 / 13]--
--[2 / 15]--
--[1 / 0]--
--[1 / 9]--
--[1 / 12]--
--[1 / 15]--
--[1 / 22]--
--[0 / 0]--
--[0 / 9]--
Total time: 0.185979
Nodes generated during search: 6613
Nodes expanded during search: 3298
Plan found with cost: 73
Fast-BFS search completed in 0.185979 secs
Solving...
/usr/local/lib/python3.6/dist-packages/PDKB_Planning_Library-0.1-py3.6.egg/pdkb/planners/bfws --domain pdkb-domain.pddl  --problem pdkb-problem.pddl --output pdkb-plan.txt --1-BFWS 1
Done!
