 --- OK.
 Match tree built with 160 nodes.

PDDL problem description loaded: 
	Domain: BW4TLEAD2
	Problem: BW4TLEAD2-PROB
	#Actions: 160
	#Fluents: 177
Goals found: 5
Goals_Edges found: 5
Starting search with 1-BFWS...
--[5 / 0]--
--[5 / 2]--
--[5 / 3]--
--[5 / 4]--
--[5 / 5]--
--[5 / 6]--
--[4 / 0]--
--[4 / 5]--
--[4 / 7]--
--[4 / 8]--
--[4 / 9]--
--[4 / 10]--
--[4 / 11]--
--[3 / 0]--
--[3 / 9]--
--[3 / 11]--
--[2 / 0]--
--[2 / 7]--
--[2 / 8]--
--[2 / 9]--
--[2 / 11]--
--[2 / 13]--
--[2 / 16]--
--[2 / 17]--
--[2 / 18]--
--[2 / 19]--
--[2 / 20]--
--[2 / 21]--
--[2 / 22]--
--[2 / 23]--
--[2 / 24]--
--[2 / 26]--
--[2 / 27]--
--[2 / 28]--
--[2 / 29]--
--[2 / 30]--
--[2 / 35]--
--[2 / 36]--
--[1 / 0]--
--[1 / 36]--
--[0 / 0]--
--[0 / 26]--
Total time: 0.009491
Nodes generated during search: 1905
Nodes expanded during search: 1585
Plan found with cost: 43
Fast-BFS search completed in 0.009491 secs
Solving...
/usr/local/lib/python3.6/dist-packages/PDKB_Planning_Library-0.1-py3.6.egg/pdkb/planners/bfws --domain pdkb-domain.pddl  --problem pdkb-problem.pddl --output pdkb-plan.txt --1-BFWS 1
Done!
