 --- OK.
 Match tree built with 105 nodes.

PDDL problem description loaded: 
	Domain: HANABI
	Problem: HANABI-PROB
	#Actions: 105
	#Fluents: 1125
Goals found: 3
Goals_Edges found: 3
Starting search with 1-BFWS...
--[3 / 0]--
--[3 / 14]--
--[3 / 21]--
--[3 / 28]--
--[3 / 35]--
--[3 / 42]--
--[3 / 49]--
--[3 / 51]--
--[3 / 59]--
--[3 / 65]--
--[3 / 79]--
--[3 / 93]--
--[3 / 100]--
--[3 / 102]--
--[3 / 107]--
--[3 / 110]--
--[3 / 112]--
--[3 / 116]--
--[3 / 126]--
--[3 / 130]--
--[3 / 138]--
--[3 / 144]--
--[3 / 147]--
--[3 / 158]--
--[3 / 163]--
--[3 / 167]--
--[3 / 168]--
--[3 / 169]--
--[3 / 170]--
--[3 / 173]--
--[3 / 177]--
--[3 / 179]--
--[3 / 181]--
--[3 / 183]--
--[3 / 193]--
--[3 / 195]--
--[3 / 198]--
--[3 / 200]--
--[3 / 207]--
--[3 / 209]--
--[3 / 214]--
--[3 / 217]--
--[3 / 221]--
--[3 / 224]--
--[3 / 228]--
--[3 / 230]--
--[3 / 232]--
--[3 / 233]--
--[3 / 234]--
--[3 / 238]--
--[3 / 240]--
--[3 / 242]--
--[3 / 244]--
--[3 / 246]--
--[3 / 249]--
--[3 / 251]--
--[3 / 254]--
--[3 / 256]--
--[3 / 258]--
--[3 / 265]--
--[3 / 267]--
--[3 / 277]--
--[3 / 279]--
--[3 / 281]--
--[3 / 282]--
--[3 / 286]--
--[3 / 288]--
--[3 / 291]--
--[3 / 295]--
--[3 / 296]--
--[3 / 305]--
--[3 / 309]--
--[3 / 312]--
--[3 / 314]--
--[3 / 316]--
--[3 / 317]--
--[3 / 319]--
--[3 / 326]--
--[3 / 328]--
--[3 / 330]--
--[3 / 331]--
--[3 / 334]--
--[3 / 342]--
--[3 / 344]--
--[3 / 353]--
--[3 / 354]--
--[3 / 356]--
--[3 / 359]--
--[3 / 363]--
--[3 / 367]--
--[3 / 370]--
--[3 / 371]--
--[3 / 375]--
--[3 / 377]--
--[3 / 381]--
--[3 / 384]--
--[3 / 385]--
--[3 / 386]--
--[3 / 387]--
--[3 / 389]--
--[3 / 391]--
--[3 / 393]--
--[3 / 395]--
--[3 / 400]--
--[3 / 412]--
--[2 / 0]--
--[2 / 408]--
--[1 / 0]--
--[1 / 161]--
--[0 / 0]--
--[0 / 164]--
Total time: 7.11011
Nodes generated during search: 21935
Nodes expanded during search: 20495
Plan found with cost: 45
Fast-BFS search completed in 7.11011 secs
Solving...
/usr/local/lib/python3.6/dist-packages/PDKB_Planning_Library-0.1-py3.6.egg/pdkb/planners/bfws --domain pdkb-domain.pddl  --problem pdkb-problem.pddl --output pdkb-plan.txt --1-BFWS 1
Done!
