

task contains conditional effects. turning off state domination.

 --- OK.
 Match tree built with 249 nodes.

PDDL problem description loaded: 
	Domain: GRID
	Problem: GRID-PROB
	#Actions: 249
	#Fluents: 394
Goals found: 40
Goals_Edges found: 40
Starting search with 1-BFWS...
--[38 / 0]--
--[37 / 0]--
--[37 / 3]--
--[36 / 0]--
--[36 / 8]--
--[35 / 0]--
--[35 / 2]--
--[35 / 3]--
--[34 / 0]--
--[34 / 3]--
--[33 / 0]--
--[33 / 8]--
--[32 / 0]--
--[32 / 3]--
--[31 / 0]--
--[31 / 8]--
--[30 / 0]--
--[30 / 2]--
--[30 / 3]--
--[29 / 0]--
--[29 / 3]--
--[28 / 0]--
--[28 / 8]--
--[27 / 0]--
--[27 / 3]--
--[26 / 0]--
--[26 / 3]--
--[25 / 0]--
--[25 / 8]--
--[24 / 0]--
--[24 / 3]--
--[23 / 0]--
--[23 / 8]--
--[22 / 0]--
--[22 / 3]--
--[22 / 6]--
--[21 / 0]--
--[21 / 6]--
--[20 / 0]--
--[20 / 8]--
--[19 / 0]--
--[19 / 3]--
--[18 / 0]--
--[18 / 8]--
--[17 / 0]--
--[17 / 3]--
--[17 / 5]--
--[17 / 6]--
--[16 / 0]--
--[16 / 6]--
--[15 / 0]--
--[15 / 8]--
--[14 / 0]--
--[14 / 3]--
--[14 / 5]--
--[14 / 6]--
--[13 / 0]--
--[13 / 6]--
--[12 / 0]--
--[12 / 3]--
--[12 / 4]--
--[12 / 5]--
--[12 / 6]--
--[11 / 0]--
--[11 / 6]--
--[9 / 0]--
--[9 / 6]--
--[7 / 0]--
--[7 / 10]--
--[6 / 0]--
--[6 / 9]--
--[5 / 0]--
--[5 / 3]--
--[5 / 8]--
--[4 / 0]--
--[4 / 3]--
--[4 / 5]--
--[4 / 6]--
--[4 / 7]--
--[4 / 8]--
--[4 / 9]--
--[4 / 11]--
--[4 / 12]--
--[4 / 13]--
--[4 / 14]--
--[4 / 15]--
--[3 / 0]--
--[3 / 13]--
--[2 / 0]--
--[2 / 9]--
--[1 / 0]--
--[1 / 3]--
--[1 / 5]--
--[1 / 6]--
--[1 / 8]--
--[1 / 9]--
--[1 / 11]--
--[1 / 12]--
--[1 / 14]--
--[1 / 15]--
--[1 / 17]--
--[1 / 18]--
--[0 / 0]--
--[0 / 15]--
Total time: 0.008692
Nodes generated during search: 809
Nodes expanded during search: 165
Plan found with cost: 55
Fast-BFS search completed in 0.008692 secs
Solving...
/usr/local/lib/python3.6/dist-packages/PDKB_Planning_Library-0.1-py3.6.egg/pdkb/planners/bfws --domain pdkb-domain.pddl  --problem pdkb-problem.pddl --output pdkb-plan.txt --1-BFWS 1
Done!
