

task contains conditional effects. turning off state domination.

 --- OK.
 Match tree built with 208 nodes.

PDDL problem description loaded: 
	Domain: GRID
	Problem: GRID-PROB
	#Actions: 208
	#Fluents: 384
Goals found: 36
Goals_Edges found: 36
Starting search with 1-BFWS...
--[24 / 0]--
--[24 / 3]--
--[24 / 7]--
--[23 / 0]--
--[23 / 5]--
--[23 / 7]--
--[22 / 0]--
--[22 / 5]--
--[22 / 7]--
--[21 / 0]--
--[21 / 5]--
--[21 / 7]--
--[20 / 0]--
--[20 / 8]--
--[18 / 0]--
--[18 / 10]--
--[15 / 0]--
--[15 / 6]--
--[15 / 10]--
--[13 / 0]--
--[13 / 10]--
--[13 / 11]--
--[12 / 0]--
--[12 / 8]--
--[12 / 9]--
--[12 / 11]--
--[11 / 0]--
--[11 / 7]--
--[11 / 8]--
--[9 / 0]--
--[9 / 10]--
--[8 / 0]--
--[8 / 6]--
--[8 / 8]--
--[7 / 0]--
--[7 / 8]--
--[7 / 11]--
--[6 / 0]--
--[6 / 7]--
--[5 / 0]--
--[5 / 8]--
--[5 / 11]--
--[5 / 13]--
--[5 / 14]--
--[5 / 20]--
--[5 / 23]--
--[5 / 28]--
--[5 / 29]--
--[4 / 0]--
--[4 / 25]--
--[4 / 28]--
--[4 / 29]--
--[4 / 31]--
--[3 / 0]--
--[3 / 20]--
--[3 / 23]--
--[3 / 31]--
--[3 / 32]--
--[3 / 33]--
--[3 / 34]--
--[3 / 36]--
--[3 / 37]--
--[3 / 38]--
--[3 / 39]--
--[3 / 40]--
--[3 / 42]--
--[3 / 43]--
--[3 / 44]--
--[3 / 45]--
--[3 / 50]--
--[3 / 51]--
--[2 / 0]--
--[2 / 11]--
--[2 / 13]--
--[2 / 14]--
--[2 / 22]--
--[2 / 34]--
--[2 / 36]--
--[2 / 44]--
--[2 / 48]--
--[2 / 49]--
--[2 / 50]--
--[2 / 51]--
--[2 / 53]--
--[2 / 54]--
--[2 / 56]--
--[2 / 57]--
--[2 / 58]--
--[2 / 59]--
--[2 / 60]--
--[2 / 61]--
--[2 / 62]--
--[2 / 63]--
--[2 / 64]--
--[2 / 65]--
--[2 / 66]--
--[2 / 68]--
--[2 / 69]--
--[2 / 70]--
--[2 / 71]--
--[2 / 72]--
--[2 / 73]--
--[2 / 74]--
--[2 / 75]--
--[2 / 76]--
Total time: 4.49843
Nodes generated during search: 126503
Nodes expanded during search: 122924
Plan found with cost: NOTFOUND
Fast-BFS search completed in 4.49843 secs


task contains conditional effects. turning off state domination.

 --- OK.
 Match tree built with 208 nodes.

PDDL problem description loaded: 
	Domain: GRID
	Problem: GRID-PROB
	#Actions: 208
	#Fluents: 384
Goals found: 36
Goals_Edges found: 36
Starting search with BFWS-f5...
--[24 / 0]--
--[24 / 3]--
--[24 / 7]--
--[23 / 0]--
--[23 / 5]--
--[23 / 7]--
--[22 / 0]--
--[22 / 5]--
--[22 / 7]--
--[21 / 0]--
--[21 / 5]--
--[21 / 7]--
--[20 / 0]--
--[20 / 8]--
--[18 / 0]--
--[18 / 10]--
--[15 / 0]--
--[15 / 6]--
--[15 / 10]--
--[14 / 0]--
--[14 / 8]--
--[14 / 10]--
--[13 / 0]--
--[13 / 8]--
--[13 / 10]--
--[12 / 0]--
--[12 / 7]--
--[11 / 0]--
--[11 / 8]--
--[9 / 0]--
--[9 / 10]--
--[7 / 0]--
--[7 / 10]--
--[6 / 0]--
--[6 / 6]--
--[6 / 8]--
--[5 / 0]--
--[5 / 8]--
--[5 / 11]--
--[5 / 14]--
--[5 / 20]--
--[5 / 22]--
--[5 / 23]--
--[5 / 25]--
--[5 / 28]--
--[5 / 31]--
--[4 / 0]--
--[4 / 22]--
--[3 / 0]--
--[3 / 17]--
--[3 / 20]--
--[3 / 21]--
--[3 / 22]--
--[3 / 23]--
--[3 / 31]--
--[3 / 32]--
--[3 / 35]--
--[3 / 36]--
--[3 / 37]--
--[3 / 38]--
--[3 / 39]--
--[3 / 40]--
--[3 / 42]--
--[3 / 43]--
--[3 / 44]--
--[3 / 45]--
--[3 / 48]--
--[3 / 51]--
--[2 / 0]--
--[2 / 43]--
--[2 / 48]--
--[2 / 50]--
--[2 / 51]--
--[2 / 53]--
--[2 / 54]--
--[2 / 55]--
--[2 / 56]--
--[2 / 58]--
--[2 / 60]--
--[2 / 61]--
--[2 / 63]--
--[2 / 64]--
--[2 / 66]--
--[2 / 70]--
--[2 / 71]--
--[2 / 72]--
--[2 / 74]--
--[2 / 75]--
--[2 / 76]--
--[2 / 77]--
--[0 / 0]--
--[0 / 4]--
--[0 / 6]--
Total time: 5.21701
Nodes generated during search: 2040366
Nodes expanded during search: 133012
Plan found with cost: 42
Fast-BFS search completed in 5.21701 secs
Solving...
/usr/local/lib/python3.6/dist-packages/PDKB_Planning_Library-0.1-py3.6.egg/pdkb/planners/bfws --domain pdkb-domain.pddl  --problem pdkb-problem.pddl --output pdkb-plan.txt --1-BFWS 1
/usr/local/lib/python3.6/dist-packages/PDKB_Planning_Library-0.1-py3.6.egg/pdkb/planners/bfws --domain pdkb-domain.pddl  --problem pdkb-problem.pddl --output pdkb-plan.txt --BFWS-f5 1 --max_novelty 1
Done!
