

task contains conditional effects. turning off state domination.

 --- OK.
 Match tree built with 150 nodes.

PDDL problem description loaded: 
	Domain: GRID
	Problem: GRID-PROB
	#Actions: 150
	#Fluents: 283
Goals found: 31
Goals_Edges found: 31
Starting search with 1-BFWS...
--[29 / 0]--
--[28 / 0]--
--[28 / 3]--
--[27 / 0]--
--[27 / 3]--
--[26 / 0]--
--[26 / 3]--
--[26 / 4]--
--[26 / 10]--
--[25 / 0]--
--[25 / 8]--
--[25 / 10]--
--[24 / 0]--
--[24 / 2]--
--[24 / 3]--
--[24 / 4]--
--[24 / 10]--
--[23 / 0]--
--[23 / 3]--
--[23 / 4]--
--[23 / 10]--
--[22 / 0]--
--[22 / 8]--
--[22 / 10]--
--[21 / 0]--
--[21 / 10]--
--[20 / 0]--
--[20 / 3]--
--[19 / 0]--
--[19 / 8]--
--[19 / 10]--
--[18 / 0]--
--[18 / 3]--
--[17 / 0]--
--[17 / 8]--
--[17 / 10]--
--[16 / 0]--
--[16 / 3]--
--[16 / 4]--
--[16 / 10]--
--[15 / 0]--
--[15 / 3]--
--[14 / 0]--
--[14 / 8]--
--[14 / 10]--
--[13 / 0]--
--[13 / 2]--
--[13 / 3]--
--[13 / 4]--
--[13 / 10]--
--[12 / 0]--
--[12 / 3]--
--[12 / 4]--
--[12 / 10]--
--[12 / 13]--
--[11 / 0]--
--[11 / 6]--
--[11 / 10]--
--[10 / 0]--
--[10 / 8]--
--[10 / 10]--
--[9 / 0]--
--[9 / 3]--
--[9 / 4]--
--[9 / 10]--
--[8 / 0]--
--[8 / 3]--
--[8 / 5]--
--[8 / 6]--
--[8 / 7]--
--[8 / 13]--
--[7 / 0]--
--[7 / 6]--
--[6 / 0]--
--[6 / 3]--
--[6 / 8]--
--[5 / 0]--
--[5 / 3]--
--[5 / 5]--
--[5 / 6]--
--[5 / 7]--
--[5 / 13]--
--[5 / 15]--
--[5 / 16]--
--[4 / 0]--
--[4 / 10]--
--[4 / 11]--
--[3 / 0]--
--[3 / 9]--
--[2 / 0]--
--[2 / 3]--
--[2 / 5]--
--[2 / 6]--
--[2 / 8]--
--[2 / 9]--
--[2 / 11]--
--[2 / 12]--
--[2 / 14]--
--[2 / 15]--
--[1 / 0]--
--[1 / 15]--
--[1 / 17]--
--[1 / 19]--
--[1 / 22]--
--[0 / 0]--
--[0 / 9]--
Total time: 0.005436
Nodes generated during search: 690
Nodes expanded during search: 170
Plan found with cost: 51
Fast-BFS search completed in 0.005436 secs
Solving...
/usr/local/lib/python3.6/dist-packages/PDKB_Planning_Library-0.1-py3.6.egg/pdkb/planners/bfws --domain pdkb-domain.pddl  --problem pdkb-problem.pddl --output pdkb-plan.txt --1-BFWS 1
Done!
