

task contains conditional effects. turning off state domination.

 --- OK.
 Match tree built with 117 nodes.

PDDL problem description loaded: 
	Domain: GRID
	Problem: GRID-PROB
	#Actions: 117
	#Fluents: 225
Goals found: 27
Goals_Edges found: 27
Starting search with 1-BFWS...
--[18 / 0]--
--[18 / 3]--
--[16 / 0]--
--[16 / 6]--
--[15 / 0]--
--[15 / 4]--
--[15 / 6]--
--[14 / 0]--
--[14 / 4]--
--[14 / 6]--
--[13 / 0]--
--[13 / 7]--
--[13 / 9]--
--[12 / 0]--
--[12 / 7]--
--[10 / 0]--
--[10 / 9]--
--[9 / 0]--
--[9 / 7]--
--[9 / 9]--
--[8 / 0]--
--[8 / 7]--
--[6 / 0]--
--[6 / 9]--
--[6 / 10]--
--[6 / 11]--
--[6 / 12]--
--[6 / 13]--
--[6 / 15]--
--[6 / 16]--
--[6 / 17]--
--[6 / 18]--
--[6 / 19]--
--[6 / 21]--
--[6 / 23]--
--[6 / 24]--
--[6 / 25]--
--[6 / 27]--
--[6 / 29]--
--[6 / 31]--
--[6 / 32]--
--[4 / 0]--
--[4 / 24]--
--[4 / 26]--
--[4 / 27]--
--[3 / 0]--
--[3 / 22]--
--[1 / 0]--
--[1 / 18]--
--[0 / 0]--
--[0 / 10]--
Total time: 0.021059
Nodes generated during search: 2685
Nodes expanded during search: 1425
Plan found with cost: 42
Fast-BFS search completed in 0.021059 secs
Solving...
/usr/local/lib/python3.6/dist-packages/PDKB_Planning_Library-0.1-py3.6.egg/pdkb/planners/bfws --domain pdkb-domain.pddl  --problem pdkb-problem.pddl --output pdkb-plan.txt --1-BFWS 1
Done!
