 --- OK.
 Match tree built with 528 nodes.

PDDL problem description loaded: 
	Domain: GRID
	Problem: GRID-PROB
	#Actions: 528
	#Fluents: 540
Goals found: 14
Goals_Edges found: 14
Starting search with 1-BFWS...
--[14 / 0]--
--[13 / 0]--
--[13 / 1]--
--[13 / 3]--
--[12 / 0]--
--[12 / 11]--
--[11 / 0]--
--[11 / 7]--
--[11 / 8]--
--[11 / 9]--
--[11 / 10]--
--[11 / 11]--
--[10 / 0]--
--[10 / 7]--
--[10 / 8]--
--[10 / 9]--
--[9 / 0]--
--[9 / 7]--
--[9 / 8]--
--[9 / 9]--
--[9 / 10]--
--[9 / 11]--
--[9 / 12]--
--[9 / 13]--
--[8 / 0]--
--[8 / 20]--
--[8 / 21]--
--[8 / 23]--
--[8 / 24]--
--[8 / 25]--
--[7 / 0]--
--[7 / 28]--
--[4 / 0]--
--[4 / 8]--
--[4 / 9]--
--[4 / 11]--
--[4 / 12]--
--[4 / 13]--
--[4 / 15]--
--[4 / 17]--
--[4 / 18]--
--[4 / 19]--
--[4 / 20]--
--[4 / 21]--
--[4 / 22]--
--[4 / 23]--
--[4 / 24]--
--[4 / 25]--
--[4 / 26]--
--[4 / 27]--
--[4 / 28]--
--[4 / 29]--
--[4 / 30]--
--[4 / 31]--
--[4 / 32]--
--[3 / 0]--
--[3 / 35]--
--[0 / 0]--
--[0 / 8]--
Total time: 0.087916
Nodes generated during search: 6293
Nodes expanded during search: 5112
Plan found with cost: 50
Fast-BFS search completed in 0.087916 secs
Solving...
/usr/local/lib/python3.6/dist-packages/PDKB_Planning_Library-0.1-py3.6.egg/pdkb/planners/bfws --domain pdkb-domain.pddl  --problem pdkb-problem.pddl --output pdkb-plan.txt --1-BFWS 1
Done!
