 --- OK.
 Match tree built with 336 nodes.

PDDL problem description loaded: 
	Domain: GRID
	Problem: GRID-PROB
	#Actions: 336
	#Fluents: 413
Goals found: 7
Goals_Edges found: 7
Starting search with 1-BFWS...
--[7 / 0]--
--[6 / 0]--
--[6 / 1]--
--[6 / 3]--
--[5 / 0]--
--[5 / 11]--
--[4 / 0]--
--[4 / 5]--
--[4 / 6]--
--[4 / 7]--
--[4 / 9]--
--[3 / 0]--
--[3 / 1]--
--[3 / 3]--
--[2 / 0]--
--[2 / 11]--
--[2 / 12]--
--[2 / 13]--
--[2 / 14]--
--[2 / 15]--
--[2 / 16]--
--[2 / 17]--
--[2 / 18]--
--[2 / 19]--
--[2 / 20]--
--[2 / 21]--
--[2 / 22]--
--[2 / 23]--
--[2 / 24]--
--[2 / 25]--
--[1 / 0]--
--[1 / 32]--
--[0 / 0]--
--[0 / 20]--
Total time: 0.027498
Nodes generated during search: 3081
Nodes expanded during search: 2514
Plan found with cost: 33
Fast-BFS search completed in 0.027498 secs
Solving...
/usr/local/lib/python3.6/dist-packages/PDKB_Planning_Library-0.1-py3.6.egg/pdkb/planners/bfws --domain pdkb-domain.pddl  --problem pdkb-problem.pddl --output pdkb-plan.txt --1-BFWS 1
Done!
