 --- OK.
 Match tree built with 516 nodes.

PDDL problem description loaded: 
	Domain: GRID
	Problem: GRID-PROB
	#Actions: 516
	#Fluents: 595
Goals found: 17
Goals_Edges found: 17
Starting search with 1-BFWS...
--[17 / 0]--
--[16 / 0]--
--[16 / 1]--
--[16 / 3]--
--[15 / 0]--
--[15 / 11]--
--[14 / 0]--
--[14 / 3]--
--[13 / 0]--
--[13 / 11]--
--[12 / 0]--
--[12 / 4]--
--[12 / 7]--
--[11 / 0]--
--[11 / 5]--
--[10 / 0]--
--[10 / 11]--
--[9 / 0]--
--[9 / 3]--
--[9 / 5]--
--[8 / 0]--
--[8 / 11]--
--[7 / 0]--
--[7 / 18]--
--[6 / 0]--
--[6 / 3]--
--[6 / 4]--
--[6 / 7]--
--[6 / 9]--
--[6 / 11]--
--[5 / 0]--
--[5 / 18]--
--[4 / 0]--
--[4 / 3]--
--[4 / 4]--
--[4 / 7]--
--[4 / 9]--
--[4 / 10]--
--[4 / 11]--
--[3 / 0]--
--[3 / 18]--
--[2 / 0]--
--[2 / 3]--
--[2 / 4]--
--[2 / 7]--
--[2 / 9]--
--[2 / 11]--
--[2 / 12]--
--[2 / 13]--
--[2 / 14]--
--[2 / 15]--
--[2 / 16]--
--[2 / 17]--
--[2 / 19]--
--[2 / 20]--
--[2 / 21]--
--[2 / 22]--
--[2 / 23]--
--[1 / 0]--
--[1 / 27]--
--[0 / 0]--
--[0 / 29]--
Total time: 0.079355
Nodes generated during search: 4290
Nodes expanded during search: 3194
Plan found with cost: 56
Fast-BFS search completed in 0.079355 secs
Solving...
/usr/local/lib/python3.6/dist-packages/PDKB_Planning_Library-0.1-py3.6.egg/pdkb/planners/bfws --domain pdkb-domain.pddl  --problem pdkb-problem.pddl --output pdkb-plan.txt --1-BFWS 1
Done!
