 --- OK.
 Match tree built with 396 nodes.

PDDL problem description loaded: 
	Domain: GRID
	Problem: GRID-PROB
	#Actions: 396
	#Fluents: 480
Goals found: 8
Goals_Edges found: 8
Starting search with 1-BFWS...
--[8 / 0]--
--[8 / 1]--
--[8 / 2]--
--[8 / 3]--
--[8 / 4]--
--[8 / 5]--
--[8 / 6]--
--[7 / 0]--
--[7 / 5]--
--[7 / 7]--
--[6 / 0]--
--[6 / 10]--
--[6 / 11]--
--[5 / 0]--
--[5 / 7]--
--[5 / 8]--
--[5 / 9]--
--[5 / 11]--
--[4 / 0]--
--[4 / 7]--
--[4 / 9]--
--[3 / 0]--
--[3 / 7]--
--[3 / 9]--
--[3 / 10]--
--[3 / 11]--
--[2 / 0]--
--[2 / 19]--
--[1 / 0]--
--[1 / 23]--
--[0 / 0]--
--[0 / 27]--
Total time: 0.021267
Nodes generated during search: 2674
Nodes expanded during search: 1823
Plan found with cost: 43
Fast-BFS search completed in 0.021267 secs
Solving...
/usr/local/lib/python3.6/dist-packages/PDKB_Planning_Library-0.1-py3.6.egg/pdkb/planners/bfws --domain pdkb-domain.pddl  --problem pdkb-problem.pddl --output pdkb-plan.txt --1-BFWS 1
Done!
