 --- OK.
 Match tree built with 5 nodes.

PDDL problem description loaded: 
	Domain: THIEF
	Problem: THIEF-PROB
	#Actions: 5
	#Fluents: 6
Goals found: 1
Goals_Edges found: 1
Starting search with 1-BFWS...
--[1 / 0]--
--[0 / 0]--
--[0 / 1]--
Total time: 5.19999e-05
Nodes generated during search: 3
Nodes expanded during search: 1
Plan found with cost: 1
Fast-BFS search completed in 5.19999e-05 secs
Solving...
/usr/local/lib/python3.6/dist-packages/PDKB_Planning_Library-0.1-py3.6.egg/pdkb/planners/bfws --domain pdkb-domain.pddl  --problem pdkb-problem.pddl --output pdkb-plan.txt --1-BFWS 1
Done!
