 --- OK.
 Match tree built with 98 nodes.

PDDL problem description loaded: 
	Domain: GRID
	Problem: GRID-PROB
	#Actions: 98
	#Fluents: 186
Goals found: 15
Goals_Edges found: 15
Starting search with 1-BFWS...
--[15 / 0]--
--[14 / 0]--
--[14 / 5]--
--[13 / 0]--
--[13 / 1]--
--[13 / 4]--
--[12 / 0]--
--[12 / 4]--
--[11 / 0]--
--[11 / 6]--
--[10 / 0]--
--[10 / 7]--
--[9 / 0]--
--[9 / 1]--
--[9 / 2]--
--[9 / 3]--
--[9 / 4]--
--[8 / 0]--
--[8 / 7]--
--[7 / 0]--
--[7 / 1]--
--[7 / 2]--
--[7 / 4]--
--[6 / 0]--
--[6 / 6]--
--[5 / 0]--
--[5 / 6]--
--[4 / 0]--
--[4 / 6]--
--[3 / 0]--
--[3 / 6]--
--[2 / 0]--
--[2 / 6]--
--[1 / 0]--
--[1 / 6]--
--[0 / 0]--
--[0 / 6]--
Total time: 0.000626999
Nodes generated during search: 232
Nodes expanded during search: 39
Plan found with cost: 25
Fast-BFS search completed in 0.000626999 secs
Solving...
/usr/local/lib/python3.6/dist-packages/PDKB_Planning_Library-0.1-py3.6.egg/pdkb/planners/bfws --domain pdkb-domain.pddl  --problem pdkb-problem.pddl --output pdkb-plan.txt --1-BFWS 1
Done!
