 --- OK.
 Match tree built with 156 nodes.

PDDL problem description loaded: 
	Domain: GRID
	Problem: GRID-PROB
	#Actions: 156
	#Fluents: 264
Goals found: 18
Goals_Edges found: 18
Starting search with 1-BFWS...
--[15 / 0]--
--[14 / 0]--
--[14 / 6]--
--[13 / 0]--
--[13 / 2]--
--[13 / 5]--
--[12 / 0]--
--[12 / 5]--
--[11 / 0]--
--[11 / 5]--
--[10 / 0]--
--[10 / 7]--
--[9 / 0]--
--[9 / 8]--
--[8 / 0]--
--[8 / 2]--
--[8 / 3]--
--[8 / 4]--
--[7 / 0]--
--[7 / 8]--
--[6 / 0]--
--[6 / 2]--
--[6 / 4]--
--[5 / 0]--
--[5 / 7]--
--[4 / 0]--
--[4 / 7]--
--[3 / 0]--
--[3 / 7]--
--[2 / 0]--
--[2 / 7]--
--[1 / 0]--
--[1 / 7]--
--[0 / 0]--
--[0 / 9]--
Total time: 0.001107
Nodes generated during search: 374
Nodes expanded during search: 54
Plan found with cost: 25
Fast-BFS search completed in 0.001107 secs
Solving...
/usr/local/lib/python3.6/dist-packages/PDKB_Planning_Library-0.1-py3.6.egg/pdkb/planners/bfws --domain pdkb-domain.pddl  --problem pdkb-problem.pddl --output pdkb-plan.txt --1-BFWS 1
Done!
