

task contains conditional effects. turning off state domination.

 --- OK.
 Match tree built with 156 nodes.

PDDL problem description loaded: 
	Domain: GRID
	Problem: GRID-PROB
	#Actions: 156
	#Fluents: 270
Goals found: 9
Goals_Edges found: 9
Starting search with 1-BFWS...
--[9 / 0]--
--[9 / 3]--
--[8 / 0]--
--[8 / 6]--
--[7 / 0]--
--[7 / 5]--
--[6 / 0]--
--[6 / 5]--
--[5 / 0]--
--[5 / 5]--
--[5 / 6]--
--[4 / 0]--
--[4 / 8]--
--[3 / 0]--
--[3 / 9]--
--[2 / 0]--
--[2 / 9]--
--[1 / 0]--
--[1 / 8]--
--[0 / 0]--
--[0 / 8]--
Total time: 0.000695
Nodes generated during search: 193
Nodes expanded during search: 26
Plan found with cost: 14
Fast-BFS search completed in 0.000695 secs
Solving...
/usr/local/lib/python3.6/dist-packages/PDKB_Planning_Library-0.1-py3.6.egg/pdkb/planners/bfws --domain pdkb-domain.pddl  --problem pdkb-problem.pddl --output pdkb-plan.txt --1-BFWS 1
Done!
