

task contains conditional effects. turning off state domination.

 --- OK.
 Match tree built with 8 nodes.

PDDL problem description loaded: 
	Domain: THIEF
	Problem: THIEF-PROB
	#Actions: 8
	#Fluents: 15
Goals found: 1
Goals_Edges found: 1
Starting search with 1-BFWS...
--[1 / 0]--
--[0 / 0]--
--[0 / 1]--
Total time: 4.2e-05
Nodes generated during search: 5
Nodes expanded during search: 1
Plan found with cost: 1
Fast-BFS search completed in 4.2e-05 secs
Solving...
/usr/local/lib/python3.6/dist-packages/PDKB_Planning_Library-0.1-py3.6.egg/pdkb/planners/bfws --domain pdkb-domain.pddl  --problem pdkb-problem.pddl --output pdkb-plan.txt --1-BFWS 1
Done!
