 --- OK.
 Match tree built with 147 nodes.

PDDL problem description loaded: 
	Domain: GRID
	Problem: GRID-PROB
	#Actions: 147
	#Fluents: 240
Goals found: 12
Goals_Edges found: 12
Starting search with 1-BFWS...
--[12 / 0]--
--[12 / 2]--
--[11 / 0]--
--[11 / 5]--
--[10 / 0]--
--[10 / 4]--
--[9 / 0]--
--[9 / 4]--
--[8 / 0]--
--[8 / 6]--
--[7 / 0]--
--[7 / 7]--
--[6 / 0]--
--[6 / 6]--
--[5 / 0]--
--[5 / 6]--
--[4 / 0]--
--[4 / 7]--
--[3 / 0]--
--[3 / 6]--
--[2 / 0]--
--[2 / 6]--
--[1 / 0]--
--[1 / 6]--
--[0 / 0]--
--[0 / 6]--
Total time: 0.000788001
Nodes generated during search: 287
Nodes expanded during search: 37
Plan found with cost: 21
Fast-BFS search completed in 0.000788001 secs
Solving...
/usr/local/lib/python3.6/dist-packages/PDKB_Planning_Library-0.1-py3.6.egg/pdkb/planners/bfws --domain pdkb-domain.pddl  --problem pdkb-problem.pddl --output pdkb-plan.txt --1-BFWS 1
Done!
