 --- OK.
 Match tree built with 252 nodes.

PDDL problem description loaded: 
	Domain: GRID
	Problem: GRID-PROB
	#Actions: 252
	#Fluents: 357
Goals found: 7
Goals_Edges found: 7
Starting search with 1-BFWS...
--[7 / 0]--
--[7 / 1]--
--[7 / 2]--
--[7 / 3]--
--[7 / 4]--
--[7 / 5]--
--[7 / 6]--
--[6 / 0]--
--[6 / 5]--
--[6 / 7]--
--[5 / 0]--
--[5 / 10]--
--[4 / 0]--
--[4 / 5]--
--[4 / 6]--
--[4 / 7]--
--[4 / 9]--
--[4 / 11]--
--[3 / 0]--
--[3 / 7]--
--[3 / 9]--
--[2 / 0]--
--[2 / 10]--
--[2 / 11]--
--[2 / 12]--
--[2 / 13]--
--[2 / 15]--
--[2 / 17]--
--[2 / 18]--
--[2 / 19]--
--[2 / 20]--
--[2 / 21]--
--[2 / 22]--
--[2 / 23]--
--[1 / 0]--
--[1 / 31]--
--[0 / 0]--
--[0 / 20]--
Total time: 0.016948
Nodes generated during search: 2239
Nodes expanded during search: 1718
Plan found with cost: 35
Fast-BFS search completed in 0.016948 secs
Solving...
/usr/local/lib/python3.6/dist-packages/PDKB_Planning_Library-0.1-py3.6.egg/pdkb/planners/bfws --domain pdkb-domain.pddl  --problem pdkb-problem.pddl --output pdkb-plan.txt --1-BFWS 1
Done!
