 --- OK.
 Match tree built with 396 nodes.

PDDL problem description loaded: 
	Domain: GRID
	Problem: GRID-PROB
	#Actions: 396
	#Fluents: 444
Goals found: 12
Goals_Edges found: 12
Starting search with 1-BFWS...
--[12 / 0]--
--[12 / 2]--
--[12 / 4]--
--[12 / 5]--
--[12 / 6]--
--[11 / 0]--
--[11 / 5]--
--[11 / 7]--
--[10 / 0]--
--[10 / 10]--
--[10 / 11]--
--[9 / 0]--
--[9 / 7]--
--[9 / 8]--
--[9 / 9]--
--[9 / 10]--
--[8 / 0]--
--[8 / 7]--
--[8 / 8]--
--[8 / 9]--
--[7 / 0]--
--[7 / 7]--
--[7 / 8]--
--[7 / 9]--
--[7 / 11]--
--[7 / 12]--
--[7 / 13]--
--[6 / 0]--
--[6 / 19]--
--[6 / 20]--
--[6 / 21]--
--[5 / 0]--
--[5 / 24]--
--[3 / 0]--
--[3 / 8]--
--[3 / 9]--
--[3 / 10]--
--[3 / 11]--
--[3 / 14]--
--[3 / 16]--
--[3 / 17]--
--[3 / 18]--
--[3 / 19]--
--[3 / 20]--
--[3 / 21]--
--[3 / 22]--
--[3 / 23]--
--[3 / 25]--
--[2 / 0]--
--[2 / 16]--
--[0 / 0]--
--[0 / 8]--
Total time: 0.029937
Nodes generated during search: 3196
Nodes expanded during search: 2243
Plan found with cost: 44
Fast-BFS search completed in 0.029937 secs
Solving...
/usr/local/lib/python3.6/dist-packages/PDKB_Planning_Library-0.1-py3.6.egg/pdkb/planners/bfws --domain pdkb-domain.pddl  --problem pdkb-problem.pddl --output pdkb-plan.txt --1-BFWS 1
Done!
