 --- OK.
 Match tree built with 252 nodes.

PDDL problem description loaded: 
	Domain: GRID
	Problem: GRID-PROB
	#Actions: 252
	#Fluents: 321
Goals found: 11
Goals_Edges found: 11
Starting search with 1-BFWS...
--[11 / 0]--
--[11 / 2]--
--[11 / 4]--
--[11 / 6]--
--[10 / 0]--
--[10 / 5]--
--[10 / 7]--
--[9 / 0]--
--[9 / 10]--
--[8 / 0]--
--[8 / 5]--
--[8 / 6]--
--[8 / 7]--
--[8 / 9]--
--[8 / 11]--
--[7 / 0]--
--[7 / 9]--
--[6 / 0]--
--[6 / 10]--
--[6 / 11]--
--[6 / 12]--
--[6 / 13]--
--[6 / 15]--
--[6 / 16]--
--[6 / 17]--
--[6 / 18]--
--[6 / 19]--
--[6 / 20]--
--[6 / 21]--
--[5 / 0]--
--[5 / 24]--
--[3 / 0]--
--[3 / 8]--
--[3 / 11]--
--[3 / 13]--
--[3 / 15]--
--[3 / 17]--
--[3 / 19]--
--[3 / 21]--
--[3 / 22]--
--[3 / 23]--
--[2 / 0]--
--[2 / 24]--
--[0 / 0]--
--[0 / 8]--
Total time: 0.017036
Nodes generated during search: 2123
Nodes expanded during search: 1580
Plan found with cost: 35
Fast-BFS search completed in 0.017036 secs
Solving...
/usr/local/lib/python3.6/dist-packages/PDKB_Planning_Library-0.1-py3.6.egg/pdkb/planners/bfws --domain pdkb-domain.pddl  --problem pdkb-problem.pddl --output pdkb-plan.txt --1-BFWS 1
Done!
