

task contains conditional effects. turning off state domination.

 --- OK.
 Match tree built with 208 nodes.

PDDL problem description loaded: 
	Domain: GRID
	Problem: GRID-PROB
	#Actions: 208
	#Fluents: 360
Goals found: 12
Goals_Edges found: 12
Starting search with 1-BFWS...
--[12 / 0]--
--[12 / 3]--
--[11 / 0]--
--[11 / 6]--
--[10 / 0]--
--[10 / 5]--
--[9 / 0]--
--[9 / 5]--
--[8 / 0]--
--[8 / 5]--
--[8 / 6]--
--[7 / 0]--
--[7 / 8]--
--[6 / 0]--
--[6 / 9]--
--[5 / 0]--
--[5 / 9]--
--[4 / 0]--
--[4 / 8]--
--[3 / 0]--
--[3 / 8]--
--[2 / 0]--
--[2 / 8]--
--[1 / 0]--
--[1 / 8]--
--[0 / 0]--
--[0 / 8]--
Total time: 0.001452
Nodes generated during search: 341
Nodes expanded during search: 45
Plan found with cost: 20
Fast-BFS search completed in 0.001452 secs
Solving...
/usr/local/lib/python3.6/dist-packages/PDKB_Planning_Library-0.1-py3.6.egg/pdkb/planners/bfws --domain pdkb-domain.pddl  --problem pdkb-problem.pddl --output pdkb-plan.txt --1-BFWS 1
Done!
